-------------------------------------------------------------
STREAM version $Revision: 5.10 $
-------------------------------------------------------------
This system uses 8 bytes per array element.
-------------------------------------------------------------
Array size = 17000000 (elements), Offset = 0 (elements)
Memory per array = 129.7 MiB (= 0.1 GiB).
Total memory required = 389.1 MiB (= 0.4 GiB).
Each kernel will be executed 20 times.
 The *best* time for each kernel (excluding the first iteration)
 will be used to compute the reported bandwidth.
-------------------------------------------------------------
Your clock granularity/precision appears to be 1 microseconds.
Each test below will take on the order of 5962 microseconds.
   (= 5962 clock ticks)
Increase the size of the arrays if this shows that
you are not getting at least 20 clock ticks per test.
-------------------------------------------------------------
WARNING -- The above is only a rough guideline.
For best results, please be sure you know the
precision of your system timer.
-------------------------------------------------------------
Function    Best Rate MB/s  Avg time     Min time     Max time
Copy:           38444.8     0.007299     0.007075     0.007544
Scale:          28665.3     0.009878     0.009489     0.010262
Add:            27657.4     0.015129     0.014752     0.015473
Triad:          28163.1     0.015124     0.014487     0.015558
-------------------------------------------------------------
Solution Validates: avg error less than 1.000000e-13 on all three arrays
-------------------------------------------------------------
